2022-05-19 20:46:10.833  INFO 12936 --- [restartedMain] b.c.ConstructionCompanyApplication       : Starting ConstructionCompanyApplication using Java 11.0.15 on Alexander with PID 12936 (E:\test\pop\Construction-company\target\classes started by Lenovo in E:\test\pop\Construction-company)
2022-05-19 20:46:10.844  INFO 12936 --- [restartedMain] b.c.ConstructionCompanyApplication       : No active profile set, falling back to 1 default profile: "default"
2022-05-19 20:46:10.937  INFO 12936 --- [restartedMain] .e.DevToolsPropertyDefaultsPostProcessor : Devtools property defaults active! Set 'spring.devtools.add-properties' to 'false' to disable
2022-05-19 20:46:10.937  INFO 12936 --- [restartedMain] .e.DevToolsPropertyDefaultsPostProcessor : For additional web related logging consider setting the 'logging.level.web' property to 'DEBUG'
2022-05-19 20:46:14.141  INFO 12936 --- [restartedMain] o.s.b.w.embedded.tomcat.TomcatWebServer  : Tomcat initialized with port(s): 8080 (http)
2022-05-19 20:46:14.158  INFO 12936 --- [restartedMain] o.apache.catalina.core.StandardService   : Starting service [Tomcat]
2022-05-19 20:46:14.158  INFO 12936 --- [restartedMain] org.apache.catalina.core.StandardEngine  : Starting Servlet engine: [Apache Tomcat/9.0.63]
2022-05-19 20:46:14.281  INFO 12936 --- [restartedMain] o.a.c.c.C.[Tomcat].[localhost].[/]       : Initializing Spring embedded WebApplicationContext
2022-05-19 20:46:14.281  INFO 12936 --- [restartedMain] w.s.c.ServletWebServerApplicationContext : Root WebApplicationContext: initialization completed in 3342 ms
2022-05-19 20:46:15.048  INFO 12936 --- [restartedMain] o.s.b.d.a.OptionalLiveReloadServer       : LiveReload server is running on port 35729
2022-05-19 20:46:15.093  INFO 12936 --- [restartedMain] o.s.b.w.embedded.tomcat.TomcatWebServer  : Tomcat started on port(s): 8080 (http) with context path ''
2022-05-19 20:46:15.118  INFO 12936 --- [restartedMain] b.c.ConstructionCompanyApplication       : Started ConstructionCompanyApplication in 4.874 seconds (JVM running for 6.442)
2022-05-19 20:46:33.793  INFO 20372 --- [restartedMain] b.c.ConstructionCompanyApplication       : Starting ConstructionCompanyApplication using Java 11.0.15 on Alexander with PID 20372 (E:\test\pop\Construction-company\target\classes started by Lenovo in E:\test\pop\Construction-company)
2022-05-19 20:46:33.796  INFO 20372 --- [restartedMain] b.c.ConstructionCompanyApplication       : No active profile set, falling back to 1 default profile: "default"
2022-05-19 20:46:33.924  INFO 20372 --- [restartedMain] .e.DevToolsPropertyDefaultsPostProcessor : Devtools property defaults active! Set 'spring.devtools.add-properties' to 'false' to disable
2022-05-19 20:46:33.925  INFO 20372 --- [restartedMain] .e.DevToolsPropertyDefaultsPostProcessor : For additional web related logging consider setting the 'logging.level.web' property to 'DEBUG'
2022-05-19 20:46:36.670  INFO 20372 --- [restartedMain] o.s.b.w.embedded.tomcat.TomcatWebServer  : Tomcat initialized with port(s): 8080 (http)
2022-05-19 20:46:36.689  INFO 20372 --- [restartedMain] o.apache.catalina.core.StandardService   : Starting service [Tomcat]
2022-05-19 20:46:36.690  INFO 20372 --- [restartedMain] org.apache.catalina.core.StandardEngine  : Starting Servlet engine: [Apache Tomcat/9.0.63]
2022-05-19 20:46:36.921  INFO 20372 --- [restartedMain] o.a.c.c.C.[Tomcat].[localhost].[/]       : Initializing Spring embedded WebApplicationContext
2022-05-19 20:46:36.921  INFO 20372 --- [restartedMain] w.s.c.ServletWebServerApplicationContext : Root WebApplicationContext: initialization completed in 2993 ms
2022-05-19 20:46:38.057  INFO 20372 --- [restartedMain] o.s.b.d.a.OptionalLiveReloadServer       : LiveReload server is running on port 35729
2022-05-19 20:46:38.166  INFO 20372 --- [restartedMain] o.s.b.w.embedded.tomcat.TomcatWebServer  : Tomcat started on port(s): 8080 (http) with context path ''
2022-05-19 20:46:38.201  INFO 20372 --- [restartedMain] b.c.ConstructionCompanyApplication       : Started ConstructionCompanyApplication in 5.245 seconds (JVM running for 7.455)
2022-05-19 20:46:44.121  INFO 20372 --- [http-nio-8080-exec-6] o.a.c.c.C.[Tomcat].[localhost].[/]       : Initializing Spring DispatcherServlet 'dispatcherServlet'
2022-05-19 20:46:44.124  INFO 20372 --- [http-nio-8080-exec-6] o.s.web.servlet.DispatcherServlet        : Initializing Servlet 'dispatcherServlet'
2022-05-19 20:46:44.128  INFO 20372 --- [http-nio-8080-exec-6] o.s.web.servlet.DispatcherServlet        : Completed initialization in 3 ms
2022-05-19 20:46:44.687  WARN 20372 --- [http-nio-8080-exec-6] o.a.c.util.SessionIdGeneratorBase        : Creation of SecureRandom instance for session ID generation using [SHA1PRNG] took [486] milliseconds.
